d:\develop\codes\vs2013\flex\extensions\compiler\vc11\release\vc120.pdb
d:\develop\codes\vs2013\flex080\extensions\compiler\vc11\release\vc120.pdb
d:\develop\codes\vs2013\flex080\extensions\compiler\vc11\release\voxelize.obj
d:\develop\codes\vs2013\flex080\extensions\compiler\vc11\release\sdf.obj
d:\develop\codes\vs2013\flex080\extensions\compiler\vc11\release\platform.obj
d:\develop\codes\vs2013\flex080\extensions\compiler\vc11\release\mesh.obj
d:\develop\codes\vs2013\flex080\extensions\compiler\vc11\release\maths.obj
d:\develop\codes\vs2013\flex080\extensions\compiler\vc11\release\core.obj
d:\develop\codes\vs2013\flex080\extensions\compiler\vc11\release\aabbtree.obj
d:\code\visual studio 2013\flex080\extensions\compiler\vc11\release\vc120.pdb
d:\code\visual studio 2013\flex080\extensions\compiler\vc11\release\voxelize.obj
d:\code\visual studio 2013\flex080\extensions\compiler\vc11\release\sdf.obj
d:\code\visual studio 2013\flex080\extensions\compiler\vc11\release\platform.obj
d:\code\visual studio 2013\flex080\extensions\compiler\vc11\release\mesh.obj
d:\code\visual studio 2013\flex080\extensions\compiler\vc11\release\maths.obj
d:\code\visual studio 2013\flex080\extensions\compiler\vc11\release\core.obj
d:\code\visual studio 2013\flex080\extensions\compiler\vc11\release\aabbtree.obj
d:\develop\codes\vs2013\flex080\extensions\compiler\vc11\win32\release\flexext.obj
d:\code\visual studio 2013\flex080\extensions\compiler\vc11\win32\release\flexext.obj
d:\develop\codes\vs2013\flex\lib\win32\flexextrelease_x86.lib
d:\develop\codes\vs2013\flex\lib\win32\flexextrelease_x86.exp
d:\develop\codes\vs2013\flex080\lib\win32\flexextrelease_x86.lib
d:\develop\codes\vs2013\flex080\lib\win32\flexextrelease_x86.exp
d:\code\visual studio 2013\flex080\lib\win32\flexextrelease_x86.lib
d:\code\visual studio 2013\flex080\lib\win32\flexextrelease_x86.exp
d:\develop\codes\vs2013\flex\bin\win32\flexextrelease_x86.dll
d:\develop\codes\vs2013\flex\bin\win32\flexextrelease_x86.pdb
d:\develop\codes\vs2013\flex080\bin\win32\flexextrelease_x86.dll
d:\develop\codes\vs2013\flex080\bin\win32\flexextrelease_x86.pdb
d:\code\visual studio 2013\flex080\bin\win32\flexextrelease_x86.dll
d:\code\visual studio 2013\flex080\bin\win32\flexextrelease_x86.pdb
d:\code\visual studio 2013\flex080\extensions\compiler\vc11\..\..\..\bin\win32\flexextrelease_x86.dll
d:\code\visual studio 2013\flex080\extensions\compiler\vc11\release\flexext.tlog\cl.command.1.tlog
d:\code\visual studio 2013\flex080\extensions\compiler\vc11\release\flexext.tlog\cl.read.1.tlog
d:\code\visual studio 2013\flex080\extensions\compiler\vc11\release\flexext.tlog\cl.write.1.tlog
d:\code\visual studio 2013\flex080\extensions\compiler\vc11\release\flexext.tlog\custombuild.command.1.tlog
d:\code\visual studio 2013\flex080\extensions\compiler\vc11\release\flexext.tlog\custombuild.read.1.tlog
d:\code\visual studio 2013\flex080\extensions\compiler\vc11\release\flexext.tlog\custombuild.write.1.tlog
d:\code\visual studio 2013\flex080\extensions\compiler\vc11\release\flexext.tlog\flexext.write.1u.tlog
d:\code\visual studio 2013\flex080\extensions\compiler\vc11\release\flexext.tlog\link.command.1.tlog
d:\code\visual studio 2013\flex080\extensions\compiler\vc11\release\flexext.tlog\link.read.1.tlog
d:\code\visual studio 2013\flex080\extensions\compiler\vc11\release\flexext.tlog\link.write.1.tlog
