生成启动时间为 2016/5/12 14:43:01。
     1>项目“D:\code\visual studio 2013\flex080\demo\compiler\vc11\flexdemo.vcxproj”在节点 2 上(Build 个目标)。
     1>ClCompile:
         D:\tool\Microsoft Visual Studio 12.0\VC\bin\CL.exe /c /I..\..\.. /I..\..\..\include /I"C:\Program Files\NVIDIA GPU Computing Toolkit\CUDA\v7.0/include" /Zi /nologo /W3 /WX- /Ox /Oi /Oy- /GL /D _HAS_EXCEPTIONS=0 /D _CRT_SECURE_NO_WARNINGS /D WIN32 /D NDEBUG /D _CONSOLE /D _MBCS /Gm- /EHsc /MT /GS- /Gy /arch:SSE2 /fp:fast /Zc:wchar_t /Zc:forScope /Fo"Win32\Release\\" /Fd"Win32\Release\vc120.pdb" /Gd /TP /analyze- /errorReport:prompt ..\..\shaders.cpp
         shaders.cpp
     1>..\..\shaders.cpp(923): warning C4800: “int”: 将值强制为布尔值“true”或“false”(性能警告)
     1>..\..\shaders.cpp(950): warning C4800: “int”: 将值强制为布尔值“true”或“false”(性能警告)
     1>..\..\shaders.cpp(952): warning C4800: “int”: 将值强制为布尔值“true”或“false”(性能警告)
     1>..\..\shaders.cpp(1105): warning C4800: “int”: 将值强制为布尔值“true”或“false”(性能警告)
       Link:
         D:\tool\Microsoft Visual Studio 12.0\VC\bin\link.exe /ERRORREPORT:PROMPT /OUT:"..\..\..\bin\Win32\flexDemoRelease.exe" /INCREMENTAL:NO /NOLOGO /LIBPATH:..\..\..\lib\Win32 /LIBPATH:..\..\..\external\freeglut\lib /LIBPATH:..\..\..\external\glew\lib\win32 /LIBPATH:"C:\Program Files\NVIDIA GPU Computing Toolkit\CUDA\v7.0\lib\win32" flexRelease_x86.lib cuda.lib cudart.lib glew32.lib freeglut.lib glaux.lib kernel32.lib user32.lib gdi32.lib winspool.lib comdlg32.lib advapi32.lib shell32.lib ole32.lib oleaut32.lib uuid.lib odbc32.lib odbccp32.lib opencv_ts300.lib opencv_world300.lib kernel32.lib user32.lib gdi32.lib winspool.lib comdlg32.lib advapi32.lib shell32.lib ole32.lib oleaut32.lib uuid.lib odbc32.lib odbccp32.lib /MANIFEST /MANIFESTUAC:"level='asInvoker' uiAccess='false'" /manifest:embed /DEBUG /PDB:"..\..\..\bin\Win32\flexDemoRelease.pdb" /SUBSYSTEM:CONSOLE /OPT:REF /OPT:ICF /LTCG /TLBID:1 /DYNAMICBASE /NXCOMPAT /IMPLIB:"..\..\..\bin\Win32\flexDemoRelease.lib" /MACHINE:X86 /SAFESEH /SAFESEH:NO Win32\Release\aabbtree.obj
         Win32\Release\core.obj
         Win32\Release\maths.obj
         Win32\Release\mesh.obj
         Win32\Release\perlin.obj
         Win32\Release\pfm.obj
         Win32\Release\platform.obj
         Win32\Release\sdf.obj
         Win32\Release\shader.obj
         Win32\Release\tga.obj
         Win32\Release\voxelize.obj
         Win32\Release\imgui.obj
         Win32\Release\imguiRenderGL.obj
         Win32\Release\main.obj
         Win32\Release\shaders.obj
            正在创建库 ..\..\..\bin\Win32\flexDemoRelease.lib 和对象 ..\..\..\bin\Win32\flexDemoRelease.exp
         正在生成代码
         已完成代码的生成
         flexdemo.vcxproj -> D:\code\visual studio 2013\flex080\demo\compiler\vc11\..\..\..\bin\Win32\flexDemoRelease.exe
     1>已完成生成项目“D:\code\visual studio 2013\flex080\demo\compiler\vc11\flexdemo.vcxproj”(Build 个目标)的操作。

生成成功。

已用时间 00:00:02.71
